<?xml version="1.0" encoding="UTF-8"?>
<!-- Generated by org.testng.reporters.JUnitXMLReporter -->
<testsuite ignored="0" hostname="QQSPLEKLTP0182" failures="1" tests="2" name="Test" time="126.733" errors="0" timestamp="2022-08-06T20:12:56 IST">
  <testcase classname="TestVagrant.ValidationPage" name="extractReleaseDateAndCountryName" time="119.716"/>
  <testcase classname="TestVagrant.ValidationPage" name="verifyReleaseAndCountryFromWikiAndImdbPage" time="0.015">
    <failure type="java.lang.AssertionError" message="expected [January 7, 2022 (United States)] but found [17 December 2021]">
      <![CDATA[java.lang.AssertionError: expected [January 7, 2022 (United States)] but found [17 December 2021]
at TestVagrant.ValidationPage.verifyReleaseAndCountryFromWikiAndImdbPage(ValidationPage.java:57)
at java.base/java.util.ArrayList.forEach(ArrayList.java:1511)
... Removed 33 stack frames]]>
    </failure>
  </testcase> <!-- verifyReleaseAndCountryFromWikiAndImdbPage -->
</testsuite> <!-- Test -->
